<?xml version="1.0" encoding="UTF-8"?>
<!-- Generated by org.testng.reporters.JUnitReportReporter -->
<testsuite hostname="Pankajs-MacBook-Air.local" failures="0" tests="1" name="Cucumber.TestngTestRunner" time="15.708" errors="0" timestamp="2025-01-26T12:36:19 IST" skipped="0">
  <testcase classname="Cucumber.TestngTestRunner" name="runScenario" time="15.708"/>
</testsuite> <!-- Cucumber.TestngTestRunner -->
