<?xml version="1.0" encoding="UTF-8"?>
<!-- Generated by org.testng.reporters.JUnitReportReporter -->
<testsuite hostname="Pankajs-MacBook-Air.local" failures="0" tests="2" name="PankajShukla.Tests.ErrorValidationsTest" time="17.992" errors="0" timestamp="2025-03-01T15:10:19 IST" skipped="0">
  <testcase classname="PankajShukla.Tests.ErrorValidationsTest" name="loginErrorPage" time="2.679"/>
  <testcase classname="PankajShukla.Tests.ErrorValidationsTest" name="searchProduct" time="15.313"/>
</testsuite> <!-- PankajShukla.Tests.ErrorValidationsTest -->
