<?xml version="1.0" encoding="UTF-8"?>
<!-- Generated by org.testng.reporters.JUnitReportReporter -->
<testsuite hostname="Pankajs-MacBook-Air.local" failures="0" tests="1" name="Cucumber.TestngTestRunner" time="16.257" errors="0" timestamp="2025-03-01T15:09:30 IST" skipped="0">
  <testcase classname="Cucumber.TestngTestRunner" name="runScenario" time="16.257"/>
</testsuite> <!-- Cucumber.TestngTestRunner -->
