<?xml version="1.0" encoding="UTF-8"?>
<!-- Generated by org.testng.reporters.JUnitReportReporter -->
<testsuite hostname="Pankajs-MacBook-Air.local" failures="0" tests="3" name="PankajShukla.Tests.StandaloneApplication" time="34.607" errors="0" timestamp="2025-03-01T15:10:19 IST" skipped="0">
  <testcase classname="PankajShukla.Tests.StandaloneApplication" name="submitOrder" time="16.482"/>
  <testcase classname="PankajShukla.Tests.StandaloneApplication" name="submitOrder" time="15.750"/>
  <testcase classname="PankajShukla.Tests.StandaloneApplication" name="order" time="2.375"/>
</testsuite> <!-- PankajShukla.Tests.StandaloneApplication -->
